<?xml version="1.0" encoding="UTF-8"?>
<!-- Generated by org.testng.reporters.JUnitXMLReporter -->
<testsuite hostname="RagavansPC" ignored="0" name="Test" tests="10" failures="2" timestamp="10 Nov 2018 16:06:58 GMT" time="15.188" errors="0">
  <testcase name="testCase" time="4.772" classname="com.alg.test.executionengine.Executor">
    <failure type="java.lang.AssertionError">
      <![CDATA[java.lang.AssertionError
	at com.alg.test.executionengine.Executor.testCase(Executor.java:184)
	at java.util.concurrent.FutureTask.run(Unknown Source)
	at java.util.concurrent.Executors$RunnableAdapter.call(Unknown Source)
	at java.util.concurrent.FutureTask.run(Unknown Source)
	at java.util.concurrent.ThreadPoolExecutor.runWorker(Unknown Source)
	at java.util.concurrent.ThreadPoolExecutor$Worker.run(Unknown Source)
	at java.lang.Thread.run(Unknown Source)
... Removed 9 stack frames]]>
    </failure>
  </testcase> <!-- testCase -->
  <testcase name="testCase" time="8.805" classname="com.alg.test.executionengine.Executor">
    <failure type="java.lang.AssertionError">
      <![CDATA[java.lang.AssertionError
	at com.alg.test.executionengine.Executor.testCase(Executor.java:184)
	at java.util.concurrent.FutureTask.run(Unknown Source)
	at java.util.concurrent.Executors$RunnableAdapter.call(Unknown Source)
	at java.util.concurrent.FutureTask.run(Unknown Source)
	at java.util.concurrent.ThreadPoolExecutor.runWorker(Unknown Source)
	at java.util.concurrent.ThreadPoolExecutor$Worker.run(Unknown Source)
	at java.lang.Thread.run(Unknown Source)
... Removed 9 stack frames]]>
    </failure>
  </testcase> <!-- testCase -->
  <testcase name="testCase" time="0.014" classname="com.alg.test.executionengine.Executor"/>
  <testcase name="testCase" time="0.0" classname="com.alg.test.executionengine.Executor"/>
  <testcase name="testCase" time="0.0" classname="com.alg.test.executionengine.Executor"/>
  <testcase name="testCase" time="0.016" classname="com.alg.test.executionengine.Executor"/>
  <testcase name="testCase" time="0.0" classname="com.alg.test.executionengine.Executor"/>
  <testcase name="testCase" time="0.0" classname="com.alg.test.executionengine.Executor"/>
  <testcase name="testCase" time="0.0" classname="com.alg.test.executionengine.Executor"/>
  <testcase name="testCase" time="0.0" classname="com.alg.test.executionengine.Executor"/>
</testsuite> <!-- Test -->
